# JRE version: Java(TM) SE Runtime Environment (13.0.2+8) (build 13.0.2+8)
# Java VM: Java HotSpot(TM) 64-Bit Server VM (13.0.2+8, mixed mode, sharing, tiered, compressed oops, g1 gc, windows-amd64)
Heap:
 garbage-first heap   total 629760K, used 377084K [0x0000000701400000, 0x0000000800000000)
  region size 1024K, 2 young (2048K), 2 survivors (2048K)
 Metaspace       used 9060K, capacity 10858K, committed 11008K, reserved 1058816K
  class space    used 1240K, capacity 1460K, committed 1536K, reserved 1048576K
GC Heap History (18 events):
Event: 0.721 GC heap before
{Heap before GC invocations=0 (full 0):
 garbage-first heap   total 262144K, used 23552K [0x0000000701400000, 0x0000000800000000)
  region size 1024K, 24 young (24576K), 0 survivors (0K)
 Metaspace       used 6968K, capacity 9029K, committed 9088K, reserved 1056768K
  class space    used 890K, capacity 1127K, committed 1152K, reserved 1048576K
}
Event: 0.726 GC heap after
{Heap after GC invocations=1 (full 0):
 garbage-first heap   total 262144K, used 2836K [0x0000000701400000, 0x0000000800000000)
  region size 1024K, 3 young (3072K), 3 survivors (3072K)
 Metaspace       used 6968K, capacity 9029K, committed 9088K, reserved 1056768K
  class space    used 890K, capacity 1127K, committed 1152K, reserved 1048576K
}
Event: 9.717 GC heap before
{Heap before GC invocations=1 (full 0):
 garbage-first heap   total 262144K, used 123668K [0x0000000701400000, 0x0000000800000000)
  region size 1024K, 14 young (14336K), 3 survivors (3072K)
 Metaspace       used 9058K, capacity 10857K, committed 11008K, reserved 1058816K
  class space    used 1240K, capacity 1460K, committed 1536K, reserved 1048576K
}
Event: 9.727 GC heap after
{Heap after GC invocations=2 (full 0):
 garbage-first heap   total 262144K, used 115368K [0x0000000701400000, 0x0000000800000000)
  region size 1024K, 5 young (5120K), 5 survivors (5120K)
 Metaspace       used 9058K, capacity 10857K, committed 11008K, reserved 1058816K
  class space    used 1240K, capacity 1460K, committed 1536K, reserved 1048576K
}
Event: 11.924 GC heap before
{Heap before GC invocations=3 (full 0):
 garbage-first heap   total 262144K, used 148136K [0x0000000701400000, 0x0000000800000000)
  region size 1024K, 6 young (6144K), 5 survivors (5120K)
 Metaspace       used 9059K, capacity 10858K, committed 11008K, reserved 1058816K
  class space    used 1240K, capacity 1460K, committed 1536K, reserved 1048576K
}
Event: 11.934 GC heap after
{Heap after GC invocations=4 (full 0):
 garbage-first heap   total 262144K, used 147889K [0x0000000701400000, 0x0000000800000000)
  region size 1024K, 2 young (2048K), 2 survivors (2048K)
 Metaspace       used 9059K, capacity 10858K, committed 11008K, reserved 1058816K
  class space    used 1240K, capacity 1460K, committed 1536K, reserved 1048576K
}
Event: 14.129 GC heap before
{Heap before GC invocations=5 (full 0):
 garbage-first heap   total 302080K, used 180657K [0x0000000701400000, 0x0000000800000000)
  region size 1024K, 3 young (3072K), 2 survivors (2048K)
 Metaspace       used 9059K, capacity 10858K, committed 11008K, reserved 1058816K
  class space    used 1240K, capacity 1460K, committed 1536K, reserved 1048576K
}
Event: 14.132 GC heap after
{Heap after GC invocations=6 (full 0):
 garbage-first heap   total 302080K, used 180510K [0x0000000701400000, 0x0000000800000000)
  region size 1024K, 2 young (2048K), 2 survivors (2048K)
 Metaspace       used 9059K, capacity 10858K, committed 11008K, reserved 1058816K
  class space    used 1240K, capacity 1460K, committed 1536K, reserved 1048576K
}
Event: 16.335 GC heap before
{Heap before GC invocations=7 (full 0):
 garbage-first heap   total 357376K, used 213278K [0x0000000701400000, 0x0000000800000000)
  region size 1024K, 3 young (3072K), 2 survivors (2048K)
 Metaspace       used 9059K, capacity 10858K, committed 11008K, reserved 1058816K
  class space    used 1240K, capacity 1460K, committed 1536K, reserved 1048576K
}
Event: 16.338 GC heap after
{Heap after GC invocations=8 (full 0):
 garbage-first heap   total 357376K, used 213264K [0x0000000701400000, 0x0000000800000000)
  region size 1024K, 2 young (2048K), 2 survivors (2048K)
 Metaspace       used 9059K, capacity 10858K, committed 11008K, reserved 1058816K
  class space    used 1240K, capacity 1460K, committed 1536K, reserved 1048576K
}
Event: 18.534 GC heap before
{Heap before GC invocations=9 (full 0):
 garbage-first heap   total 411648K, used 246032K [0x0000000701400000, 0x0000000800000000)
  region size 1024K, 3 young (3072K), 2 survivors (2048K)
 Metaspace       used 9060K, capacity 10858K, committed 11008K, reserved 1058816K
  class space    used 1240K, capacity 1460K, committed 1536K, reserved 1048576K
}
Event: 18.538 GC heap after
{Heap after GC invocations=10 (full 0):
 garbage-first heap   total 411648K, used 246053K [0x0000000701400000, 0x0000000800000000)
  region size 1024K, 2 young (2048K), 2 survivors (2048K)
 Metaspace       used 9060K, capacity 10858K, committed 11008K, reserved 1058816K
  class space    used 1240K, capacity 1460K, committed 1536K, reserved 1048576K
}
Event: 20.731 GC heap before
{Heap before GC invocations=11 (full 0):
 garbage-first heap   total 465920K, used 278821K [0x0000000701400000, 0x0000000800000000)
  region size 1024K, 3 young (3072K), 2 survivors (2048K)
 Metaspace       used 9060K, capacity 10858K, committed 11008K, reserved 1058816K
  class space    used 1240K, capacity 1460K, committed 1536K, reserved 1048576K
}
Event: 20.735 GC heap after
{Heap after GC invocations=12 (full 0):
 garbage-first heap   total 465920K, used 278817K [0x0000000701400000, 0x0000000800000000)
  region size 1024K, 2 young (2048K), 2 survivors (2048K)
 Metaspace       used 9060K, capacity 10858K, committed 11008K, reserved 1058816K
  class space    used 1240K, capacity 1460K, committed 1536K, reserved 1048576K
}
Event: 22.949 GC heap before
{Heap before GC invocations=13 (full 0):
 garbage-first heap   total 521216K, used 311585K [0x0000000701400000, 0x0000000800000000)
  region size 1024K, 3 young (3072K), 2 survivors (2048K)
 Metaspace       used 9060K, capacity 10858K, committed 11008K, reserved 1058816K
  class space    used 1240K, capacity 1460K, committed 1536K, reserved 1048576K
}
Event: 22.951 GC heap after
{Heap after GC invocations=14 (full 0):
 garbage-first heap   total 521216K, used 311548K [0x0000000701400000, 0x0000000800000000)
  region size 1024K, 2 young (2048K), 2 survivors (2048K)
 Metaspace       used 9060K, capacity 10858K, committed 11008K, reserved 1058816K
  class space    used 1240K, capacity 1460K, committed 1536K, reserved 1048576K
}
Event: 25.141 GC heap before
{Heap before GC invocations=15 (full 0):
 garbage-first heap   total 575488K, used 344316K [0x0000000701400000, 0x0000000800000000)
  region size 1024K, 3 young (3072K), 2 survivors (2048K)
 Metaspace       used 9060K, capacity 10858K, committed 11008K, reserved 1058816K
  class space    used 1240K, capacity 1460K, committed 1536K, reserved 1048576K
}
Event: 25.143 GC heap after
{Heap after GC invocations=16 (full 0):
 garbage-first heap   total 575488K, used 344316K [0x0000000701400000, 0x0000000800000000)
  region size 1024K, 2 young (2048K), 2 survivors (2048K)
 Metaspace       used 9060K, capacity 10858K, committed 11008K, reserved 1058816K
  class space    used 1240K, capacity 1460K, committed 1536K, reserved 1048576K
}

